2025-12-24 09:50:09,753 - backend.redis_client - INFO - Initializing Redis client - host: localhost, port: 6379, db: 0
2025-12-24 09:50:09,753 - backend.redis_client - INFO - Redis client initialized successfully
2025-12-24 09:50:10,880 - backend.main - INFO - GraphQL endpoint mounted at /graphql
2025-12-24 09:50:10,881 - backend.main - INFO - Loading DocuSign configuration...
2025-12-24 09:50:10,881 - backend.main - INFO - Client ID: ********1ca8
2025-12-24 09:50:10,881 - backend.main - INFO - User ID: ********292b
2025-12-24 09:50:10,881 - backend.main - INFO - Account ID: ********5ae9
2025-12-24 09:50:10,881 - backend.main - INFO - Auth Server: account-d.docusign.com
2025-12-24 09:50:10,881 - backend.main - INFO - Redirect URI: http://localhost:3000/signing-complete
2025-12-24 09:50:10,881 - backend.main - INFO - Loading private key from: /Users/rodriguemedor/Documents/business/good/eaglevision-mvp/backend/keys/docusign_private_key.pem
2025-12-24 09:50:10,882 - backend.main - INFO - Private key loaded successfully (length: 1674)
2025-12-24 09:50:10,882 - backend.main - INFO - DocuSign configuration loaded successfully
2025-12-24 09:50:10,883 - uvicorn.error - INFO - Started server process [85244]
2025-12-24 09:50:10,883 - uvicorn.error - INFO - Waiting for application startup.
2025-12-24 09:50:10,883 - uvicorn.error - INFO - Application startup complete.
2025-12-24 09:51:33,421 - backend.security - ERROR - Error in rate limiting: 'Limiter' object has no attribute 'check_rate_limit'
2025-12-24 09:51:33,430 - backend.routers.auth - INFO - JSON login attempt for user: rmedor from 127.0.0.1
2025-12-24 09:51:33,431 - backend.routers.auth - DEBUG - Login request data: username='rmedor' password='Welcome5119#' remember_me=False
2025-12-24 09:51:33,432 - backend.routers.auth - DEBUG - Calling process_login...
2025-12-24 09:51:33,432 - backend.routers.auth - DEBUG - Created login form with username: rmedor
2025-12-24 09:51:33,432 - backend.routers.auth - INFO - Login attempt for user: rmedor from 127.0.0.1
2025-12-24 09:51:33,432 - backend.routers.auth - DEBUG - Login form data - username: rmedor
2025-12-24 09:51:33,432 - backend.routers.auth - DEBUG - Querying database for user...
2025-12-24 09:51:33,557 - backend.routers.auth - WARNING - No user found with email: rmedor
2025-12-24 09:51:33,557 - backend.routers.auth - WARNING - Login failed with status 401: {'error': 'authentication_failed', 'message': 'Incorrect email or password'}
2025-12-24 09:51:33,557 - backend.routers.auth - DEBUG - ==================================================

2025-12-24 09:51:33,558 - backend.routers.auth - ERROR - HTTP Exception in login_json (status 401): {'error': 'authentication_failed', 'message': 'Incorrect email or password'}
Traceback (most recent call last):
  File "/Users/rodriguemedor/Documents/business/good/eaglevision-mvp/backend/routers/auth.py", line 341, in login_json
    token_response = await process_login(login_form, request, db)
  File "/Users/rodriguemedor/Documents/business/good/eaglevision-mvp/backend/routers/auth.py", line 466, in process_login
    raise HTTPException(
fastapi.exceptions.HTTPException
2025-12-24 09:51:33,560 - backend.security - WARNING - Request error
